<?xml version="1.0" encoding="UTF-8"?>
<!-- Generated by org.testng.reporters.JUnitReportReporter -->
<testsuite hostname="MBARBOSA-L" failures="0" tests="1" name="cucumberOptions.TestNGTestRunner" time="5.719" errors="0" timestamp="2022-12-16T06:15:25 IST" skipped="0">
  <testcase classname="cucumberOptions.TestNGTestRunner" name="runScenario" time="5.719"/>
  <system-out/>
</testsuite> <!-- cucumberOptions.TestNGTestRunner -->
